[10-Feb-2026 03:33:12 UTC] PHP Warning:  Trying to access array offset on value of type bool in C:\Users\mf_ga\Local Sites\empreender-ufruralrj\app\public\wp-content\plugins\elementor\includes\managers\image.php on line 113
[10-Feb-2026 03:33:12 UTC] PHP Warning:  Trying to access array offset on value of type bool in C:\Users\mf_ga\Local Sites\empreender-ufruralrj\app\public\wp-content\plugins\elementor\includes\managers\image.php on line 113
[10-Feb-2026 03:33:12 UTC] PHP Warning:  Trying to access array offset on value of type bool in C:\Users\mf_ga\Local Sites\empreender-ufruralrj\app\public\wp-content\plugins\elementor\includes\managers\image.php on line 113
[10-Feb-2026 03:33:12 UTC] PHP Warning:  Trying to access array offset on value of type bool in C:\Users\mf_ga\Local Sites\empreender-ufruralrj\app\public\wp-content\plugins\elementor\includes\managers\image.php on line 113
[10-Feb-2026 03:33:12 UTC] PHP Warning:  Trying to access array offset on value of type bool in C:\Users\mf_ga\Local Sites\empreender-ufruralrj\app\public\wp-content\plugins\elementor\includes\managers\image.php on line 113
[10-Feb-2026 03:33:12 UTC] PHP Warning:  Trying to access array offset on value of type bool in C:\Users\mf_ga\Local Sites\empreender-ufruralrj\app\public\wp-content\plugins\elementor\includes\managers\image.php on line 113
[10-Feb-2026 03:33:12 UTC] PHP Warning:  Trying to access array offset on value of type bool in C:\Users\mf_ga\Local Sites\empreender-ufruralrj\app\public\wp-content\plugins\elementor\includes\managers\image.php on line 113
[10-Feb-2026 03:33:12 UTC] PHP Warning:  Trying to access array offset on value of type bool in C:\Users\mf_ga\Local Sites\empreender-ufruralrj\app\public\wp-content\plugins\elementor\includes\managers\image.php on line 113
[10-Feb-2026 03:33:12 UTC] PHP Warning:  Trying to access array offset on value of type bool in C:\Users\mf_ga\Local Sites\empreender-ufruralrj\app\public\wp-content\plugins\elementor\includes\managers\image.php on line 113
[10-Feb-2026 23:56:17 UTC] WordPress database error Table 'local.wp_ea11y_page_scanned' doesn't exist for query SELECT * FROM wp_ea11y_page_scanned  WHERE 1 ORDER BY created_at desc LIMIT 1000 made by wp_dashboard, do_meta_boxes, EA11y\Modules\Dashboard\Widgets\Ally_Dashboard_Widget::ally_widget_render, EA11y\Modules\Scanner\Classes\Utils::get_scanner_stats, EA11y\Modules\Remediation\Database\Page_Entry::get_pages, EA11y\Classes\Database\Table::select
[11-Feb-2026 00:11:07 UTC] PHP Warning:  Trying to access array offset on value of type bool in C:\Users\mf_ga\Local Sites\empreender-ufruralrj\app\public\wp-content\plugins\elementor\includes\managers\image.php on line 113
[11-Feb-2026 00:11:07 UTC] PHP Warning:  Trying to access array offset on value of type bool in C:\Users\mf_ga\Local Sites\empreender-ufruralrj\app\public\wp-content\plugins\elementor\includes\managers\image.php on line 113
[11-Feb-2026 00:11:07 UTC] PHP Warning:  Trying to access array offset on value of type bool in C:\Users\mf_ga\Local Sites\empreender-ufruralrj\app\public\wp-content\plugins\elementor\includes\managers\image.php on line 113
[11-Feb-2026 00:11:07 UTC] PHP Warning:  Trying to access array offset on value of type bool in C:\Users\mf_ga\Local Sites\empreender-ufruralrj\app\public\wp-content\plugins\elementor\includes\managers\image.php on line 113
[11-Feb-2026 00:11:07 UTC] PHP Warning:  Trying to access array offset on value of type bool in C:\Users\mf_ga\Local Sites\empreender-ufruralrj\app\public\wp-content\plugins\elementor\includes\managers\image.php on line 113
[11-Feb-2026 00:11:07 UTC] PHP Warning:  Trying to access array offset on value of type bool in C:\Users\mf_ga\Local Sites\empreender-ufruralrj\app\public\wp-content\plugins\elementor\includes\managers\image.php on line 113
[11-Feb-2026 00:11:07 UTC] PHP Warning:  Trying to access array offset on value of type bool in C:\Users\mf_ga\Local Sites\empreender-ufruralrj\app\public\wp-content\plugins\elementor\includes\managers\image.php on line 113
[11-Feb-2026 00:11:07 UTC] PHP Warning:  Trying to access array offset on value of type bool in C:\Users\mf_ga\Local Sites\empreender-ufruralrj\app\public\wp-content\plugins\elementor\includes\managers\image.php on line 113
[11-Feb-2026 00:11:07 UTC] PHP Warning:  Trying to access array offset on value of type bool in C:\Users\mf_ga\Local Sites\empreender-ufruralrj\app\public\wp-content\plugins\elementor\includes\managers\image.php on line 113
[11-Feb-2026 00:12:30 UTC] PHP Warning:  Trying to access array offset on value of type bool in C:\Users\mf_ga\Local Sites\empreender-ufruralrj\app\public\wp-content\plugins\elementor\includes\managers\image.php on line 113
[11-Feb-2026 00:12:30 UTC] PHP Warning:  Trying to access array offset on value of type bool in C:\Users\mf_ga\Local Sites\empreender-ufruralrj\app\public\wp-content\plugins\elementor\includes\managers\image.php on line 113
[11-Feb-2026 00:12:30 UTC] PHP Warning:  Trying to access array offset on value of type bool in C:\Users\mf_ga\Local Sites\empreender-ufruralrj\app\public\wp-content\plugins\elementor\includes\managers\image.php on line 113
[11-Feb-2026 00:12:30 UTC] PHP Warning:  Trying to access array offset on value of type bool in C:\Users\mf_ga\Local Sites\empreender-ufruralrj\app\public\wp-content\plugins\elementor\includes\managers\image.php on line 113
[11-Feb-2026 00:12:30 UTC] PHP Warning:  Trying to access array offset on value of type bool in C:\Users\mf_ga\Local Sites\empreender-ufruralrj\app\public\wp-content\plugins\elementor\includes\managers\image.php on line 113
[11-Feb-2026 00:12:30 UTC] PHP Warning:  Trying to access array offset on value of type bool in C:\Users\mf_ga\Local Sites\empreender-ufruralrj\app\public\wp-content\plugins\elementor\includes\managers\image.php on line 113
[11-Feb-2026 00:12:30 UTC] PHP Warning:  Trying to access array offset on value of type bool in C:\Users\mf_ga\Local Sites\empreender-ufruralrj\app\public\wp-content\plugins\elementor\includes\managers\image.php on line 113
[11-Feb-2026 00:12:30 UTC] PHP Warning:  Trying to access array offset on value of type bool in C:\Users\mf_ga\Local Sites\empreender-ufruralrj\app\public\wp-content\plugins\elementor\includes\managers\image.php on line 113
[11-Feb-2026 00:12:30 UTC] PHP Warning:  Trying to access array offset on value of type bool in C:\Users\mf_ga\Local Sites\empreender-ufruralrj\app\public\wp-content\plugins\elementor\includes\managers\image.php on line 113
[11-Feb-2026 00:14:00 UTC] WordPress database error Table 'local.wp_ea11y_page_scanned' doesn't exist for query SELECT * FROM wp_ea11y_page_scanned  WHERE 1 ORDER BY created_at desc LIMIT 1000 made by wp_dashboard, do_meta_boxes, EA11y\Modules\Dashboard\Widgets\Ally_Dashboard_Widget::ally_widget_render, EA11y\Modules\Scanner\Classes\Utils::get_scanner_stats, EA11y\Modules\Remediation\Database\Page_Entry::get_pages, EA11y\Classes\Database\Table::select
[11-Feb-2026 00:14:52 UTC] PHP Warning:  Trying to access array offset on value of type bool in C:\Users\mf_ga\Local Sites\empreender-ufruralrj\app\public\wp-content\plugins\elementor\includes\managers\image.php on line 113
[11-Feb-2026 00:14:52 UTC] PHP Warning:  Trying to access array offset on value of type bool in C:\Users\mf_ga\Local Sites\empreender-ufruralrj\app\public\wp-content\plugins\elementor\includes\managers\image.php on line 113
[11-Feb-2026 00:14:52 UTC] PHP Warning:  Trying to access array offset on value of type bool in C:\Users\mf_ga\Local Sites\empreender-ufruralrj\app\public\wp-content\plugins\elementor\includes\managers\image.php on line 113
[11-Feb-2026 00:14:52 UTC] PHP Warning:  Trying to access array offset on value of type bool in C:\Users\mf_ga\Local Sites\empreender-ufruralrj\app\public\wp-content\plugins\elementor\includes\managers\image.php on line 113
[11-Feb-2026 00:14:52 UTC] PHP Warning:  Trying to access array offset on value of type bool in C:\Users\mf_ga\Local Sites\empreender-ufruralrj\app\public\wp-content\plugins\elementor\includes\managers\image.php on line 113
[11-Feb-2026 00:14:52 UTC] PHP Warning:  Trying to access array offset on value of type bool in C:\Users\mf_ga\Local Sites\empreender-ufruralrj\app\public\wp-content\plugins\elementor\includes\managers\image.php on line 113
[11-Feb-2026 00:14:52 UTC] PHP Warning:  Trying to access array offset on value of type bool in C:\Users\mf_ga\Local Sites\empreender-ufruralrj\app\public\wp-content\plugins\elementor\includes\managers\image.php on line 113
[11-Feb-2026 00:14:52 UTC] PHP Warning:  Trying to access array offset on value of type bool in C:\Users\mf_ga\Local Sites\empreender-ufruralrj\app\public\wp-content\plugins\elementor\includes\managers\image.php on line 113
[11-Feb-2026 00:14:52 UTC] PHP Warning:  Trying to access array offset on value of type bool in C:\Users\mf_ga\Local Sites\empreender-ufruralrj\app\public\wp-content\plugins\elementor\includes\managers\image.php on line 113
[11-Feb-2026 00:17:06 UTC] PHP Warning:  Undefined array key "editor_post_id" in C:\Users\mf_ga\Local Sites\empreender-ufruralrj\app\public\wp-content\plugins\elementor\modules\history\revisions-manager.php on line 363
[11-Feb-2026 00:18:27 UTC] PHP Warning:  Trying to access array offset on value of type bool in C:\Users\mf_ga\Local Sites\empreender-ufruralrj\app\public\wp-content\plugins\elementor\includes\managers\image.php on line 113
[13-Feb-2026 14:22:45 UTC] WordPress database error Table 'local.wp_ea11y_page_scanned' doesn't exist for query SELECT * FROM wp_ea11y_page_scanned  WHERE 1 ORDER BY created_at desc LIMIT 1000 made by wp_dashboard, do_meta_boxes, EA11y\Modules\Dashboard\Widgets\Ally_Dashboard_Widget::ally_widget_render, EA11y\Modules\Scanner\Classes\Utils::get_scanner_stats, EA11y\Modules\Remediation\Database\Page_Entry::get_pages, EA11y\Classes\Database\Table::select
[13-Feb-2026 15:42:18 UTC] PHP Warning:  Trying to access array offset on value of type bool in C:\Users\mf_ga\Local Sites\empreender-ufruralrj\app\public\wp-content\plugins\elementor\includes\managers\image.php on line 113
[13-Feb-2026 15:42:18 UTC] PHP Warning:  Trying to access array offset on value of type bool in C:\Users\mf_ga\Local Sites\empreender-ufruralrj\app\public\wp-content\plugins\elementor\includes\managers\image.php on line 113
[13-Feb-2026 15:42:18 UTC] PHP Warning:  Trying to access array offset on value of type bool in C:\Users\mf_ga\Local Sites\empreender-ufruralrj\app\public\wp-content\plugins\elementor\includes\managers\image.php on line 113
[13-Feb-2026 15:42:18 UTC] PHP Warning:  Trying to access array offset on value of type bool in C:\Users\mf_ga\Local Sites\empreender-ufruralrj\app\public\wp-content\plugins\elementor\includes\managers\image.php on line 113
[13-Feb-2026 15:42:18 UTC] PHP Warning:  Trying to access array offset on value of type bool in C:\Users\mf_ga\Local Sites\empreender-ufruralrj\app\public\wp-content\plugins\elementor\includes\managers\image.php on line 113
[13-Feb-2026 15:42:18 UTC] PHP Warning:  Trying to access array offset on value of type bool in C:\Users\mf_ga\Local Sites\empreender-ufruralrj\app\public\wp-content\plugins\elementor\includes\managers\image.php on line 113
[13-Feb-2026 15:42:18 UTC] PHP Warning:  Trying to access array offset on value of type bool in C:\Users\mf_ga\Local Sites\empreender-ufruralrj\app\public\wp-content\plugins\elementor\includes\managers\image.php on line 113
[13-Feb-2026 15:42:18 UTC] PHP Warning:  Trying to access array offset on value of type bool in C:\Users\mf_ga\Local Sites\empreender-ufruralrj\app\public\wp-content\plugins\elementor\includes\managers\image.php on line 113
[13-Feb-2026 15:42:18 UTC] PHP Warning:  Trying to access array offset on value of type bool in C:\Users\mf_ga\Local Sites\empreender-ufruralrj\app\public\wp-content\plugins\elementor\includes\managers\image.php on line 113
[13-Feb-2026 15:43:53 UTC] PHP Warning:  Trying to access array offset on value of type bool in C:\Users\mf_ga\Local Sites\empreender-ufruralrj\app\public\wp-content\plugins\elementor\includes\managers\image.php on line 113
[13-Feb-2026 15:43:53 UTC] PHP Warning:  Trying to access array offset on value of type bool in C:\Users\mf_ga\Local Sites\empreender-ufruralrj\app\public\wp-content\plugins\elementor\includes\managers\image.php on line 113
[13-Feb-2026 15:43:53 UTC] PHP Warning:  Trying to access array offset on value of type bool in C:\Users\mf_ga\Local Sites\empreender-ufruralrj\app\public\wp-content\plugins\elementor\includes\managers\image.php on line 113
[13-Feb-2026 15:43:53 UTC] PHP Warning:  Trying to access array offset on value of type bool in C:\Users\mf_ga\Local Sites\empreender-ufruralrj\app\public\wp-content\plugins\elementor\includes\managers\image.php on line 113
[13-Feb-2026 15:43:53 UTC] PHP Warning:  Trying to access array offset on value of type bool in C:\Users\mf_ga\Local Sites\empreender-ufruralrj\app\public\wp-content\plugins\elementor\includes\managers\image.php on line 113
[13-Feb-2026 15:43:53 UTC] PHP Warning:  Trying to access array offset on value of type bool in C:\Users\mf_ga\Local Sites\empreender-ufruralrj\app\public\wp-content\plugins\elementor\includes\managers\image.php on line 113
[13-Feb-2026 15:43:53 UTC] PHP Warning:  Trying to access array offset on value of type bool in C:\Users\mf_ga\Local Sites\empreender-ufruralrj\app\public\wp-content\plugins\elementor\includes\managers\image.php on line 113
[13-Feb-2026 15:43:53 UTC] PHP Warning:  Trying to access array offset on value of type bool in C:\Users\mf_ga\Local Sites\empreender-ufruralrj\app\public\wp-content\plugins\elementor\includes\managers\image.php on line 113
[13-Feb-2026 15:43:53 UTC] PHP Warning:  Trying to access array offset on value of type bool in C:\Users\mf_ga\Local Sites\empreender-ufruralrj\app\public\wp-content\plugins\elementor\includes\managers\image.php on line 113
[13-Feb-2026 15:44:53 UTC] PHP Warning:  Trying to access array offset on value of type bool in C:\Users\mf_ga\Local Sites\empreender-ufruralrj\app\public\wp-content\plugins\elementor\includes\managers\image.php on line 113
[13-Feb-2026 15:45:28 UTC] PHP Warning:  Trying to access array offset on value of type bool in C:\Users\mf_ga\Local Sites\empreender-ufruralrj\app\public\wp-content\plugins\elementor\includes\managers\image.php on line 113
[13-Feb-2026 15:45:29 UTC] PHP Warning:  Trying to access array offset on value of type bool in C:\Users\mf_ga\Local Sites\empreender-ufruralrj\app\public\wp-content\plugins\elementor\includes\managers\image.php on line 113
[13-Feb-2026 15:50:25 UTC] PHP Warning:  Trying to access array offset on value of type bool in C:\Users\mf_ga\Local Sites\empreender-ufruralrj\app\public\wp-content\plugins\elementor\includes\managers\image.php on line 113
[13-Feb-2026 15:50:25 UTC] PHP Warning:  Trying to access array offset on value of type bool in C:\Users\mf_ga\Local Sites\empreender-ufruralrj\app\public\wp-content\plugins\elementor\includes\managers\image.php on line 113
[13-Feb-2026 15:50:25 UTC] PHP Warning:  Trying to access array offset on value of type bool in C:\Users\mf_ga\Local Sites\empreender-ufruralrj\app\public\wp-content\plugins\elementor\includes\managers\image.php on line 113
[13-Feb-2026 15:50:25 UTC] PHP Warning:  Trying to access array offset on value of type bool in C:\Users\mf_ga\Local Sites\empreender-ufruralrj\app\public\wp-content\plugins\elementor\includes\managers\image.php on line 113
[13-Feb-2026 15:50:25 UTC] PHP Warning:  Trying to access array offset on value of type bool in C:\Users\mf_ga\Local Sites\empreender-ufruralrj\app\public\wp-content\plugins\elementor\includes\managers\image.php on line 113
[13-Feb-2026 15:50:25 UTC] PHP Warning:  Trying to access array offset on value of type bool in C:\Users\mf_ga\Local Sites\empreender-ufruralrj\app\public\wp-content\plugins\elementor\includes\managers\image.php on line 113
[13-Feb-2026 15:50:25 UTC] PHP Warning:  Trying to access array offset on value of type bool in C:\Users\mf_ga\Local Sites\empreender-ufruralrj\app\public\wp-content\plugins\elementor\includes\managers\image.php on line 113
[13-Feb-2026 15:50:25 UTC] PHP Warning:  Trying to access array offset on value of type bool in C:\Users\mf_ga\Local Sites\empreender-ufruralrj\app\public\wp-content\plugins\elementor\includes\managers\image.php on line 113
[13-Feb-2026 15:50:25 UTC] PHP Warning:  Trying to access array offset on value of type bool in C:\Users\mf_ga\Local Sites\empreender-ufruralrj\app\public\wp-content\plugins\elementor\includes\managers\image.php on line 113
[13-Feb-2026 15:52:51 UTC] PHP Warning:  Trying to access array offset on value of type bool in C:\Users\mf_ga\Local Sites\empreender-ufruralrj\app\public\wp-content\plugins\elementor\includes\managers\image.php on line 113
[13-Feb-2026 15:52:51 UTC] PHP Warning:  Trying to access array offset on value of type bool in C:\Users\mf_ga\Local Sites\empreender-ufruralrj\app\public\wp-content\plugins\elementor\includes\managers\image.php on line 113
[13-Feb-2026 15:52:51 UTC] PHP Warning:  Trying to access array offset on value of type bool in C:\Users\mf_ga\Local Sites\empreender-ufruralrj\app\public\wp-content\plugins\elementor\includes\managers\image.php on line 113
[13-Feb-2026 15:52:51 UTC] PHP Warning:  Trying to access array offset on value of type bool in C:\Users\mf_ga\Local Sites\empreender-ufruralrj\app\public\wp-content\plugins\elementor\includes\managers\image.php on line 113
[13-Feb-2026 15:52:51 UTC] PHP Warning:  Trying to access array offset on value of type bool in C:\Users\mf_ga\Local Sites\empreender-ufruralrj\app\public\wp-content\plugins\elementor\includes\managers\image.php on line 113
[13-Feb-2026 15:52:51 UTC] PHP Warning:  Trying to access array offset on value of type bool in C:\Users\mf_ga\Local Sites\empreender-ufruralrj\app\public\wp-content\plugins\elementor\includes\managers\image.php on line 113
[13-Feb-2026 15:52:51 UTC] PHP Warning:  Trying to access array offset on value of type bool in C:\Users\mf_ga\Local Sites\empreender-ufruralrj\app\public\wp-content\plugins\elementor\includes\managers\image.php on line 113
[13-Feb-2026 15:52:51 UTC] PHP Warning:  Trying to access array offset on value of type bool in C:\Users\mf_ga\Local Sites\empreender-ufruralrj\app\public\wp-content\plugins\elementor\includes\managers\image.php on line 113
[13-Feb-2026 15:52:51 UTC] PHP Warning:  Trying to access array offset on value of type bool in C:\Users\mf_ga\Local Sites\empreender-ufruralrj\app\public\wp-content\plugins\elementor\includes\managers\image.php on line 113
[13-Feb-2026 15:56:15 UTC] PHP Warning:  Trying to access array offset on value of type bool in C:\Users\mf_ga\Local Sites\empreender-ufruralrj\app\public\wp-content\plugins\elementor\includes\managers\image.php on line 113
[13-Feb-2026 16:01:48 UTC] PHP Warning:  Trying to access array offset on value of type bool in C:\Users\mf_ga\Local Sites\empreender-ufruralrj\app\public\wp-content\plugins\elementor\includes\managers\image.php on line 113
[13-Feb-2026 16:01:57 UTC] PHP Warning:  Trying to access array offset on value of type bool in C:\Users\mf_ga\Local Sites\empreender-ufruralrj\app\public\wp-content\plugins\elementor\includes\managers\image.php on line 113
[13-Feb-2026 17:11:50 UTC] Cron reschedule event error for hook: action_scheduler_run_queue, Error code: could_not_set, Error message: The cron event list could not be saved., Data: {"schedule":"every_minute","args":["WP Cron"],"interval":60}
[14-Feb-2026 17:48:55 UTC] WordPress database error Table 'local.wp_ea11y_page_scanned' doesn't exist for query SELECT * FROM wp_ea11y_page_scanned  WHERE 1 ORDER BY created_at desc LIMIT 1000 made by wp_dashboard, do_meta_boxes, EA11y\Modules\Dashboard\Widgets\Ally_Dashboard_Widget::ally_widget_render, EA11y\Modules\Scanner\Classes\Utils::get_scanner_stats, EA11y\Modules\Remediation\Database\Page_Entry::get_pages, EA11y\Classes\Database\Table::select
[15-Feb-2026 23:31:13 UTC] WordPress database error Table 'local.wp_ea11y_page_scanned' doesn't exist for query SELECT * FROM wp_ea11y_page_scanned  WHERE 1 ORDER BY created_at desc LIMIT 1000 made by wp_dashboard, do_meta_boxes, EA11y\Modules\Dashboard\Widgets\Ally_Dashboard_Widget::ally_widget_render, EA11y\Modules\Scanner\Classes\Utils::get_scanner_stats, EA11y\Modules\Remediation\Database\Page_Entry::get_pages, EA11y\Classes\Database\Table::select
[16-Feb-2026 02:01:55 UTC] Cron reschedule event error for hook: action_scheduler_run_queue, Error code: could_not_set, Error message: The cron event list could not be saved., Data: {"schedule":"every_minute","args":["WP Cron"],"interval":60}
[16-Feb-2026 17:50:41 UTC] WordPress database error Table 'local.wp_ea11y_page_scanned' doesn't exist for query SELECT * FROM wp_ea11y_page_scanned  WHERE 1 ORDER BY created_at desc LIMIT 1000 made by wp_dashboard, do_meta_boxes, EA11y\Modules\Dashboard\Widgets\Ally_Dashboard_Widget::ally_widget_render, EA11y\Modules\Scanner\Classes\Utils::get_scanner_stats, EA11y\Modules\Remediation\Database\Page_Entry::get_pages, EA11y\Classes\Database\Table::select
[16-Feb-2026 18:06:16 UTC] WordPress database error Table 'local.wp_ea11y_page_scanned' doesn't exist for query SELECT * FROM wp_ea11y_page_scanned  WHERE 1 ORDER BY created_at desc LIMIT 1000 made by wp_dashboard, do_meta_boxes, EA11y\Modules\Dashboard\Widgets\Ally_Dashboard_Widget::ally_widget_render, EA11y\Modules\Scanner\Classes\Utils::get_scanner_stats, EA11y\Modules\Remediation\Database\Page_Entry::get_pages, EA11y\Classes\Database\Table::select
[18-Feb-2026 21:15:15 UTC] WordPress database error Table 'local.wp_ea11y_page_scanned' doesn't exist for query SELECT * FROM wp_ea11y_page_scanned  WHERE 1 ORDER BY created_at desc LIMIT 1000 made by wp_dashboard, do_meta_boxes, EA11y\Modules\Dashboard\Widgets\Ally_Dashboard_Widget::ally_widget_render, EA11y\Modules\Scanner\Classes\Utils::get_scanner_stats, EA11y\Modules\Remediation\Database\Page_Entry::get_pages, EA11y\Classes\Database\Table::select
[18-Feb-2026 21:46:53 UTC] WordPress database error Table 'local.wp_ea11y_page_scanned' doesn't exist for query SELECT * FROM wp_ea11y_page_scanned  WHERE 1 ORDER BY created_at desc LIMIT 1000 made by wp_dashboard, do_meta_boxes, EA11y\Modules\Dashboard\Widgets\Ally_Dashboard_Widget::ally_widget_render, EA11y\Modules\Scanner\Classes\Utils::get_scanner_stats, EA11y\Modules\Remediation\Database\Page_Entry::get_pages, EA11y\Classes\Database\Table::select
[19-Feb-2026 00:36:48 UTC] WordPress database error Table 'local.wp_ea11y_page_scanned' doesn't exist for query SELECT * FROM wp_ea11y_page_scanned  WHERE 1 ORDER BY created_at desc LIMIT 1000 made by wp_dashboard, do_meta_boxes, EA11y\Modules\Dashboard\Widgets\Ally_Dashboard_Widget::ally_widget_render, EA11y\Modules\Scanner\Classes\Utils::get_scanner_stats, EA11y\Modules\Remediation\Database\Page_Entry::get_pages, EA11y\Classes\Database\Table::select
[19-Feb-2026 00:59:36 UTC] WordPress database error Table 'local.wp_ea11y_page_scanned' doesn't exist for query SELECT * FROM wp_ea11y_page_scanned  WHERE 1 ORDER BY created_at desc LIMIT 1000 made by wp_dashboard, do_meta_boxes, EA11y\Modules\Dashboard\Widgets\Ally_Dashboard_Widget::ally_widget_render, EA11y\Modules\Scanner\Classes\Utils::get_scanner_stats, EA11y\Modules\Remediation\Database\Page_Entry::get_pages, EA11y\Classes\Database\Table::select
[19-Feb-2026 04:36:37 UTC] WordPress database error Table 'local.wp_ea11y_page_scanned' doesn't exist for query SELECT * FROM wp_ea11y_page_scanned  WHERE 1 ORDER BY created_at desc LIMIT 1000 made by wp_dashboard, do_meta_boxes, EA11y\Modules\Dashboard\Widgets\Ally_Dashboard_Widget::ally_widget_render, EA11y\Modules\Scanner\Classes\Utils::get_scanner_stats, EA11y\Modules\Remediation\Database\Page_Entry::get_pages, EA11y\Classes\Database\Table::select
[19-Feb-2026 04:40:54 UTC] WordPress database error Table 'local.wp_ea11y_page_scanned' doesn't exist for query SELECT * FROM wp_ea11y_page_scanned  WHERE 1 ORDER BY created_at desc LIMIT 1000 made by wp_dashboard, do_meta_boxes, EA11y\Modules\Dashboard\Widgets\Ally_Dashboard_Widget::ally_widget_render, EA11y\Modules\Scanner\Classes\Utils::get_scanner_stats, EA11y\Modules\Remediation\Database\Page_Entry::get_pages, EA11y\Classes\Database\Table::select
[20-Feb-2026 20:16:12 UTC] WordPress database error Table 'local.wp_ea11y_page_scanned' doesn't exist for query SELECT * FROM wp_ea11y_page_scanned  WHERE 1 ORDER BY created_at desc LIMIT 1000 made by wp_dashboard, do_meta_boxes, EA11y\Modules\Dashboard\Widgets\Ally_Dashboard_Widget::ally_widget_render, EA11y\Modules\Scanner\Classes\Utils::get_scanner_stats, EA11y\Modules\Remediation\Database\Page_Entry::get_pages, EA11y\Classes\Database\Table::select
[20-Feb-2026 21:52:01 UTC] WordPress database error Table 'local.wp_ea11y_page_scanned' doesn't exist for query SELECT * FROM wp_ea11y_page_scanned  WHERE 1 ORDER BY created_at desc LIMIT 1000 made by wp_dashboard, do_meta_boxes, EA11y\Modules\Dashboard\Widgets\Ally_Dashboard_Widget::ally_widget_render, EA11y\Modules\Scanner\Classes\Utils::get_scanner_stats, EA11y\Modules\Remediation\Database\Page_Entry::get_pages, EA11y\Classes\Database\Table::select
[22-Feb-2026 17:58:34 UTC] WordPress database error Table 'local.wp_ea11y_page_scanned' doesn't exist for query SELECT * FROM wp_ea11y_page_scanned  WHERE 1 ORDER BY created_at desc LIMIT 1000 made by wp_dashboard, do_meta_boxes, EA11y\Modules\Dashboard\Widgets\Ally_Dashboard_Widget::ally_widget_render, EA11y\Modules\Scanner\Classes\Utils::get_scanner_stats, EA11y\Modules\Remediation\Database\Page_Entry::get_pages, EA11y\Classes\Database\Table::select
[22-Feb-2026 17:58:58 UTC] WordPress database error Table 'local.wp_ea11y_page_scanned' doesn't exist for query SELECT * FROM wp_ea11y_page_scanned  WHERE 1 ORDER BY created_at desc LIMIT 1000 made by wp_dashboard, do_meta_boxes, EA11y\Modules\Dashboard\Widgets\Ally_Dashboard_Widget::ally_widget_render, EA11y\Modules\Scanner\Classes\Utils::get_scanner_stats, EA11y\Modules\Remediation\Database\Page_Entry::get_pages, EA11y\Classes\Database\Table::select
[28-Feb-2026 19:09:44 UTC] WordPress database error Table 'local.wp_ea11y_page_scanned' doesn't exist for query SELECT * FROM wp_ea11y_page_scanned  WHERE 1 ORDER BY created_at desc LIMIT 1000 made by wp_dashboard, do_meta_boxes, EA11y\Modules\Dashboard\Widgets\Ally_Dashboard_Widget::ally_widget_render, EA11y\Modules\Scanner\Classes\Utils::get_scanner_stats, EA11y\Modules\Remediation\Database\Page_Entry::get_pages, EA11y\Classes\Database\Table::select
[28-Feb-2026 19:15:19 UTC] WordPress database error Table 'local.wp_ea11y_page_scanned' doesn't exist for query SELECT * FROM wp_ea11y_page_scanned  WHERE 1 ORDER BY created_at desc LIMIT 1000 made by wp_dashboard, do_meta_boxes, EA11y\Modules\Dashboard\Widgets\Ally_Dashboard_Widget::ally_widget_render, EA11y\Modules\Scanner\Classes\Utils::get_scanner_stats, EA11y\Modules\Remediation\Database\Page_Entry::get_pages, EA11y\Classes\Database\Table::select
[28-Feb-2026 20:01:34 UTC] WordPress database error Table 'local.wp_ea11y_page_scanned' doesn't exist for query SELECT * FROM wp_ea11y_page_scanned  WHERE 1 ORDER BY created_at desc LIMIT 1000 made by wp_dashboard, do_meta_boxes, EA11y\Modules\Dashboard\Widgets\Ally_Dashboard_Widget::ally_widget_render, EA11y\Modules\Scanner\Classes\Utils::get_scanner_stats, EA11y\Modules\Remediation\Database\Page_Entry::get_pages, EA11y\Classes\Database\Table::select
[28-Feb-2026 23:16:49 UTC] WordPress database error Table 'local.wp_ea11y_page_scanned' doesn't exist for query SELECT * FROM wp_ea11y_page_scanned  WHERE 1 ORDER BY created_at desc LIMIT 1000 made by wp_dashboard, do_meta_boxes, EA11y\Modules\Dashboard\Widgets\Ally_Dashboard_Widget::ally_widget_render, EA11y\Modules\Scanner\Classes\Utils::get_scanner_stats, EA11y\Modules\Remediation\Database\Page_Entry::get_pages, EA11y\Classes\Database\Table::select
[01-Mar-2026 13:04:44 UTC] WordPress database error Table 'local.wp_ea11y_page_scanned' doesn't exist for query SELECT * FROM wp_ea11y_page_scanned  WHERE 1 ORDER BY created_at desc LIMIT 1000 made by wp_dashboard, do_meta_boxes, EA11y\Modules\Dashboard\Widgets\Ally_Dashboard_Widget::ally_widget_render, EA11y\Modules\Scanner\Classes\Utils::get_scanner_stats, EA11y\Modules\Remediation\Database\Page_Entry::get_pages, EA11y\Classes\Database\Table::select
[01-Mar-2026 14:50:22 UTC] WordPress database error Table 'local.wp_ea11y_page_scanned' doesn't exist for query SELECT * FROM wp_ea11y_page_scanned  WHERE 1 ORDER BY created_at desc LIMIT 1000 made by wp_dashboard, do_meta_boxes, EA11y\Modules\Dashboard\Widgets\Ally_Dashboard_Widget::ally_widget_render, EA11y\Modules\Scanner\Classes\Utils::get_scanner_stats, EA11y\Modules\Remediation\Database\Page_Entry::get_pages, EA11y\Classes\Database\Table::select
[01-Mar-2026 14:53:20 UTC] WordPress database error Table 'local.wp_ea11y_page_scanned' doesn't exist for query SELECT * FROM wp_ea11y_page_scanned  WHERE 1 ORDER BY created_at desc LIMIT 1000 made by wp_dashboard, do_meta_boxes, EA11y\Modules\Dashboard\Widgets\Ally_Dashboard_Widget::ally_widget_render, EA11y\Modules\Scanner\Classes\Utils::get_scanner_stats, EA11y\Modules\Remediation\Database\Page_Entry::get_pages, EA11y\Classes\Database\Table::select
[01-Mar-2026 19:13:51 UTC] WordPress database error Table 'local.wp_ea11y_page_scanned' doesn't exist for query SELECT * FROM wp_ea11y_page_scanned  WHERE 1 ORDER BY created_at desc LIMIT 1000 made by wp_dashboard, do_meta_boxes, EA11y\Modules\Dashboard\Widgets\Ally_Dashboard_Widget::ally_widget_render, EA11y\Modules\Scanner\Classes\Utils::get_scanner_stats, EA11y\Modules\Remediation\Database\Page_Entry::get_pages, EA11y\Classes\Database\Table::select
[01-Mar-2026 20:06:25 UTC] WordPress database error Table 'local.wp_ea11y_page_scanned' doesn't exist for query SELECT * FROM wp_ea11y_page_scanned  WHERE 1 ORDER BY created_at desc LIMIT 1000 made by wp_dashboard, do_meta_boxes, EA11y\Modules\Dashboard\Widgets\Ally_Dashboard_Widget::ally_widget_render, EA11y\Modules\Scanner\Classes\Utils::get_scanner_stats, EA11y\Modules\Remediation\Database\Page_Entry::get_pages, EA11y\Classes\Database\Table::select
[03-Mar-2026 13:33:04 UTC] WordPress database error Table 'local.wp_ea11y_page_scanned' doesn't exist for query SELECT * FROM wp_ea11y_page_scanned  WHERE 1 ORDER BY created_at desc LIMIT 1000 made by wp_dashboard, do_meta_boxes, EA11y\Modules\Dashboard\Widgets\Ally_Dashboard_Widget::ally_widget_render, EA11y\Modules\Scanner\Classes\Utils::get_scanner_stats, EA11y\Modules\Remediation\Database\Page_Entry::get_pages, EA11y\Classes\Database\Table::select
[04-Mar-2026 17:44:32 UTC] WordPress database error Table 'local.wp_ea11y_page_scanned' doesn't exist for query SELECT * FROM wp_ea11y_page_scanned  WHERE 1 ORDER BY created_at desc LIMIT 1000 made by wp_dashboard, do_meta_boxes, EA11y\Modules\Dashboard\Widgets\Ally_Dashboard_Widget::ally_widget_render, EA11y\Modules\Scanner\Classes\Utils::get_scanner_stats, EA11y\Modules\Remediation\Database\Page_Entry::get_pages, EA11y\Classes\Database\Table::select
[05-Mar-2026 12:34:53 UTC] WordPress database error Table 'local.wp_ea11y_page_scanned' doesn't exist for query SELECT * FROM wp_ea11y_page_scanned  WHERE 1 ORDER BY created_at desc LIMIT 1000 made by wp_dashboard, do_meta_boxes, EA11y\Modules\Dashboard\Widgets\Ally_Dashboard_Widget::ally_widget_render, EA11y\Modules\Scanner\Classes\Utils::get_scanner_stats, EA11y\Modules\Remediation\Database\Page_Entry::get_pages, EA11y\Classes\Database\Table::select
[29-Mar-2026 23:19:01 UTC] WordPress database error Table 'local.wp_ea11y_page_scanned' doesn't exist for query SELECT * FROM wp_ea11y_page_scanned  WHERE 1 ORDER BY created_at desc LIMIT 1000 made by wp_dashboard, do_meta_boxes, EA11y\Modules\Dashboard\Widgets\Ally_Dashboard_Widget::ally_widget_render, EA11y\Modules\Scanner\Classes\Utils::get_scanner_stats, EA11y\Modules\Remediation\Database\Page_Entry::get_pages, EA11y\Classes\Database\Table::select
[29-Mar-2026 23:47:46 UTC] Cron reschedule event error for hook: action_scheduler_run_queue, Error code: invalid_schedule, Error message: Event schedule does not exist., Data: {"schedule":"every_minute","args":["WP Cron"],"interval":60}
